This is XeTeX, Version 3.14159265-2.6-0.99992 (TeX Live 2015) (preloaded format=xelatex 2015.12.9)  19 FEB 2016 15:32
entering extended mode
 \write18 enabled.
 %&-line parsing enabled.
**problem1-2.tex
(/usr/local/texlive/2015/texmf-dist/tex/latex/tools/q.tex
LaTeX2e <2015/10/01> patch level 2
Babel <3.9m> and hyphenation patterns for 79 languages loaded.
File ignored
)
! Emergency stop.
<*> problem1-2.tex
                  
*** (job aborted, no legal \end found)

 
Here is how much of TeX's memory you used:
 6 strings out of 493668
 179 string characters out of 6145663
 53498 words of memory out of 5000000
 3487 multiletter control sequences out of 15000+600000
 3640 words of font info for 14 fonts, out of 8000000 for 9000
 1328 hyphenation exceptions out of 8191
 5i,0n,1p,94b,8s stack positions out of 5000i,500n,10000p,200000b,80000s
No pages of output.
